<?xml version="1.0" encoding="UTF-8"?>
<!-- Generated by org.testng.reporters.JUnitReportReporter -->
<testsuite hostname="KALSDEV24" name="maven.demo.testmaven" tests="1" failures="0" timestamp="10 Apr 2018 10:06:48 GMT" time="0.023" errors="0">
  <testcase name="test1" time="0.023" classname="maven.demo.testmaven"/>
</testsuite> <!-- maven.demo.testmaven -->
